<?xml version="1.0" encoding="UTF-8"?>
<testsuite name="com.hop.crypto.AttestationProviderTest" tests="2" skipped="0" failures="0" errors="0" timestamp="2026-08-18T17:59:05.510Z" hostname="Vivone.local" time="0.038">
  <properties/>
  <testcase name="stub provider is not a source of Sybil resistance by itself()" classname="com.hop.crypto.AttestationProviderTest" time="0.02"/>
  <testcase name="stub provider always passes()" classname="com.hop.crypto.AttestationProviderTest" time="0.014"/>
  <system-out><![CDATA[]]></system-out>
  <system-err><![CDATA[]]></system-err>
</testsuite>
