<?xml version="1.0" encoding="UTF-8"?>
<testsuite name="com.hop.crypto.IdentityTest" tests="4" skipped="0" failures="0" errors="0" timestamp="2026-08-18T15:21:29.008Z" hostname="Vivone.local" time="0.002">
  <properties/>
  <testcase name="loadOrCreate returns the same identity on a second call instead of regenerating()" classname="com.hop.crypto.IdentityTest" time="0.0"/>
  <testcase name="generate produces a valid identity key pair with expected key sizes()" classname="com.hop.crypto.IdentityTest" time="0.001"/>
  <testcase name="loadOrCreate generates and persists a new identity when storage is empty()" classname="com.hop.crypto.IdentityTest" time="0.0"/>
  <testcase name="two generated identities have distinct key material()" classname="com.hop.crypto.IdentityTest" time="0.0"/>
  <system-out><![CDATA[]]></system-out>
  <system-err><![CDATA[]]></system-err>
</testsuite>
