<?xml version="1.0" encoding="UTF-8"?>
<testsuite name="com.hop.crypto.ContentEncryptionTest" tests="6" skipped="0" failures="0" errors="0" timestamp="2026-08-18T15:21:28.137Z" hostname="Vivone.local" time="0.023">
  <properties/>
  <testcase name="round trip recovers the original plaintext()" classname="com.hop.crypto.ContentEncryptionTest" time="0.017"/>
  <testcase name="decrypting tampered ciphertext fails closed()" classname="com.hop.crypto.ContentEncryptionTest" time="0.0"/>
  <testcase name="encrypting the same plaintext twice produces different ciphertext()" classname="com.hop.crypto.ContentEncryptionTest" time="0.002"/>
  <testcase name="round trip works with empty plaintext()" classname="com.hop.crypto.ContentEncryptionTest" time="0.001"/>
  <testcase name="decrypting with the wrong key fails closed instead of returning garbage()" classname="com.hop.crypto.ContentEncryptionTest" time="0.0"/>
  <testcase name="keyFromBytes reconstructs a usable key()" classname="com.hop.crypto.ContentEncryptionTest" time="0.0"/>
  <system-out><![CDATA[]]></system-out>
  <system-err><![CDATA[]]></system-err>
</testsuite>
