<?xml version="1.0" encoding="UTF-8"?>
<testsuite name="com.hop.crypto.DecayKeyStoreTest" tests="7" skipped="0" failures="0" errors="0" timestamp="2026-08-18T15:21:28.161Z" hostname="Vivone.local" time="0.004">
  <properties/>
  <testcase name="a key is retrievable before its decay window expires()" classname="com.hop.crypto.DecayKeyStoreTest" time="0.002"/>
  <testcase name="a key is not retrievable after its decay window expires, and is gone from the store()" classname="com.hop.crypto.DecayKeyStoreTest" time="0.0"/>
  <testcase name="content is decryptable before decay, and undecryptable after because the key is gone()" classname="com.hop.crypto.DecayKeyStoreTest" time="0.001"/>
  <testcase name="retrieving an unknown contentId returns null()" classname="com.hop.crypto.DecayKeyStoreTest" time="0.0"/>
  <testcase name="re-storing (a re-share) extends the expiry()" classname="com.hop.crypto.DecayKeyStoreTest" time="0.001"/>
  <testcase name="a zero-length decay window expires immediately()" classname="com.hop.crypto.DecayKeyStoreTest" time="0.0"/>
  <testcase name="a negative decay window is rejected()" classname="com.hop.crypto.DecayKeyStoreTest" time="0.0"/>
  <system-out><![CDATA[]]></system-out>
  <system-err><![CDATA[]]></system-err>
</testsuite>
